<?xml version="1.0" encoding="UTF-8"?>
<testsuite name="agh.ics.oop.SimulationTest" tests="4" skipped="0" failures="0" errors="0" timestamp="2024-10-24T18:17:08" hostname="macbookair.home" time="0.023">
  <properties/>
  <testcase name="animalMovesToCorrectPosition()" classname="agh.ics.oop.SimulationTest" time="0.017"/>
  <testcase name="inputStringIsCorrectlyParsed()" classname="agh.ics.oop.SimulationTest" time="0.001"/>
  <testcase name="animalStaysInsideMap()" classname="agh.ics.oop.SimulationTest" time="0.001"/>
  <testcase name="animalHasCorrectOrientation()" classname="agh.ics.oop.SimulationTest" time="0.001"/>
  <system-out><![CDATA[Zwierzę 0: (2,3)
Zwierzę 0: (2,4)
Zwierzę 0: (2,4)
Zwierzę 0: (2,4)
Zwierzę 0: (2,4)
Zwierzę 0: (2,4)
Zwierzę 0: (2,3)
Zwierzę 0: (2,3)
Zwierzę 0: (3,3)
Zwierzę 0: (3,3)
]]></system-out>
  <system-err><![CDATA[]]></system-err>
</testsuite>
