<?xml version="1.0" encoding="UTF-8"?>
<testsuite name="agh.ics.oop.model.Vector2dTest" tests="10" skipped="0" failures="0" errors="0" timestamp="2024-10-23T17:16:09" hostname="Jans-MacBook-Air.local" time="0.02">
  <properties/>
  <testcase name="testAdd()" classname="agh.ics.oop.model.Vector2dTest" time="0.01"/>
  <testcase name="testSubtract()" classname="agh.ics.oop.model.Vector2dTest" time="0.0"/>
  <testcase name="testFollows()" classname="agh.ics.oop.model.Vector2dTest" time="0.001"/>
  <testcase name="testToString()" classname="agh.ics.oop.model.Vector2dTest" time="0.001"/>
  <testcase name="testPrecedes()" classname="agh.ics.oop.model.Vector2dTest" time="0.001"/>
  <testcase name="testLowerLeft()" classname="agh.ics.oop.model.Vector2dTest" time="0.001"/>
  <testcase name="testOpposite()" classname="agh.ics.oop.model.Vector2dTest" time="0.001"/>
  <testcase name="testHashCode()" classname="agh.ics.oop.model.Vector2dTest" time="0.0"/>
  <testcase name="testEquals()" classname="agh.ics.oop.model.Vector2dTest" time="0.0"/>
  <testcase name="testUpperRight()" classname="agh.ics.oop.model.Vector2dTest" time="0.001"/>
  <system-out><![CDATA[]]></system-out>
  <system-err><![CDATA[]]></system-err>
</testsuite>
